<?xml version="1.0" encoding="UTF-8"?>
<!-- Generated by org.testng.reporters.JUnitReportReporter -->
<testsuite hostname="XIPL9082" name="tests.MenuVerificationTest" tests="1" failures="0" timestamp="13 Oct 2018 17:00:22 GMT" time="22.431" errors="0">
  <testcase name="flipkartLoginTest" time="22.431" classname="tests.MenuVerificationTest"/>
</testsuite> <!-- tests.MenuVerificationTest -->
