<?xml version="1.0" encoding="UTF-8"?>
<!-- Generated by org.testng.reporters.JUnitReportReporter -->
<testsuite hostname="XIPL9082" name="tests.MenuVerificationTest" tests="1" failures="0" timestamp="10 Oct 2018 17:56:17 GMT" time="27.141" errors="0">
  <testcase name="flipkartLoginTest" time="27.141" classname="tests.MenuVerificationTest"/>
</testsuite> <!-- tests.MenuVerificationTest -->
