<?xml version="1.0" encoding="UTF-8"?>
<!-- Generated by org.testng.reporters.JUnitReportReporter -->
<testsuite hostname="XIPL9082" name="tests.FirstTest" tests="1" failures="0" timestamp="6 Oct 2018 09:06:26 GMT" time="85.059" errors="0">
  <testcase name="f" time="85.059" classname="tests.FirstTest"/>
</testsuite> <!-- tests.FirstTest -->
